<?xml version="1.0" encoding="UTF-8"?>
<!-- Generated by org.testng.reporters.JUnitReportReporter -->
<testsuite hostname="2105IBULT1126" failures="0" tests="2" name="TestNGScenarios.ParallelTest" time="18.959" errors="0" timestamp="2022-05-03T18:15:50 IST" skipped="0">
  <testcase classname="TestNGScenarios.ParallelTest" name="MSEdgeTest" time="9.907"/>
  <system-out/>
  <testcase classname="TestNGScenarios.ParallelTest" name="ChromeTest" time="9.052"/>
  <system-out/>
</testsuite> <!-- TestNGScenarios.ParallelTest -->
