<?xml version="1.0" encoding="UTF-8"?>
<!-- Generated by org.testng.reporters.JUnitReportReporter -->
<testsuite hostname="2105IBULT1126" failures="0" tests="5" name="com.apexit.Stepdefinitions.DataProviderBasic" time="0.013" errors="0" timestamp="2022-04-25T19:20:36 IST" skipped="0">
  <testcase classname="com.apexit.Stepdefinitions.DataProviderBasic" name="studentRegistration" time="0.001"/>
  <system-out/>
  <testcase classname="com.apexit.Stepdefinitions.DataProviderBasic" name="studentRegistration" time="0.001"/>
  <system-out/>
  <testcase classname="com.apexit.Stepdefinitions.DataProviderBasic" name="studentRegistration" time="0.001"/>
  <system-out/>
  <testcase classname="com.apexit.Stepdefinitions.DataProviderBasic" name="studentRegistration" time="0.001"/>
  <system-out/>
  <testcase classname="com.apexit.Stepdefinitions.DataProviderBasic" name="studentRegistration" time="0.009"/>
  <system-out/>
</testsuite> <!-- com.apexit.Stepdefinitions.DataProviderBasic -->
