<?xml version="1.0" encoding="UTF-8"?>
<!-- Generated by org.testng.reporters.JUnitReportReporter -->
<testsuite hostname="2105IBULT1126" failures="0" tests="2" name="TestNGScenarios.TestngAnnotation" time="0.007" errors="0" timestamp="2022-04-29T13:14:18 IST" skipped="0">
  <testcase classname="TestNGScenarios.TestngAnnotation" name="testCase2" time="0.001"/>
  <system-out/>
  <testcase classname="TestNGScenarios.TestngAnnotation" name="testCase1" time="0.006"/>
  <system-out/>
</testsuite> <!-- TestNGScenarios.TestngAnnotation -->
