<?xml version="1.0" encoding="UTF-8"?>
<!-- Generated by org.testng.reporters.JUnitReportReporter -->
<testsuite hostname="2105IBULT1126" failures="0" tests="2" name="TestNGScenarios.IgnoreTest" time="0.010" errors="0" timestamp="2022-04-29T13:22:19 IST" skipped="1">
  <testcase classname="TestNGScenarios.IgnoreTest" name="testSalutationMessage" time="0.010"/>
  <system-out/>
  <testcase classname="TestNGScenarios.IgnoreTest" name="testPrintMessage">
    <skipped/>
  </testcase> <!-- testPrintMessage -->
  <system-out/>
</testsuite> <!-- TestNGScenarios.IgnoreTest -->
