<?xml version="1.0" encoding="UTF-8"?>
<!-- Generated by org.testng.reporters.JUnitReportReporter -->
<testsuite hostname="2105IBULT1126" failures="0" tests="2" name="TestNGScenarios.firsttestngfile" time="7.136" errors="0" timestamp="2022-04-29T13:03:29 IST" skipped="0">
  <testcase classname="TestNGScenarios.firsttestngfile" name="register" time="1.018"/>
  <system-out/>
  <testcase classname="TestNGScenarios.firsttestngfile" name="support" time="6.118"/>
  <system-out/>
</testsuite> <!-- TestNGScenarios.firsttestngfile -->
