<?xml version="1.0" encoding="UTF-8"?>
<!-- Generated by org.testng.reporters.JUnitReportReporter -->
<testsuite hostname="2105IBULT1126" failures="0" tests="2" name="com.apexit.testrunner.TestRunner" time="180.079" errors="0" timestamp="2022-05-10T11:56:12 IST" skipped="0">
  <testcase classname="com.apexit.testrunner.TestRunner" name="runScenario" time="26.073"/>
  <system-out/>
  <testcase classname="com.apexit.testrunner.TestRunner" name="runScenario" time="154.006"/>
  <system-out/>
</testsuite> <!-- com.apexit.testrunner.TestRunner -->
