<?xml version="1.0" encoding="UTF-8"?>
<!-- Generated by org.testng.reporters.JUnitReportReporter -->
<testsuite hostname="2105IBULT1126" failures="0" tests="3" name="TestNGScenarios.DependencyTestUsingAnnotation" time="0.013" errors="0" timestamp="2022-04-29T13:37:04 IST" skipped="0">
  <testcase classname="TestNGScenarios.DependencyTestUsingAnnotation" name="testPrintMessage" time="0.001"/>
  <system-out/>
  <testcase classname="TestNGScenarios.DependencyTestUsingAnnotation" name="initEnvironmentTest" time="0.011"/>
  <system-out/>
  <testcase classname="TestNGScenarios.DependencyTestUsingAnnotation" name="testSalutationMessage" time="0.001"/>
  <system-out/>
</testsuite> <!-- TestNGScenarios.DependencyTestUsingAnnotation -->
