<?xml version="1.0" encoding="UTF-8"?>
<!-- Generated by org.testng.reporters.JUnitReportReporter -->
<testsuite hostname="2105IBULT1126" failures="0" tests="2" name="TestNGScenarios.TestNgAsserts" time="2.291" errors="0" timestamp="2022-05-16T17:20:50 IST" skipped="0">
  <testcase classname="TestNGScenarios.TestNgAsserts" name="OpenBrowser" time="2.191"/>
  <system-out/>
  <testcase classname="TestNGScenarios.TestNgAsserts" name="CloseBrowser" time="0.100"/>
  <system-out/>
</testsuite> <!-- TestNGScenarios.TestNgAsserts -->
