<?xml version="1.0" encoding="UTF-8"?>
<!-- Generated by org.testng.reporters.JUnitReportReporter -->
<testsuite hostname="2105IBULT1126" failures="0" tests="1" name="TestNGScenarios.ParameterizedTest1" time="0.009" errors="0" timestamp="2022-04-29T15:31:06 IST" skipped="0">
  <testcase classname="TestNGScenarios.ParameterizedTest1" name="parameterTest" time="0.009"/>
  <system-out/>
</testsuite> <!-- TestNGScenarios.ParameterizedTest1 -->
