<?xml version="1.0" encoding="UTF-8"?>
<!-- Generated by org.testng.reporters.JUnitReportReporter -->
<testsuite hostname="2105IBULT1126" failures="0" tests="1" name="TestNGScenarios.firsttestngfileTest" time="0.033" errors="0" timestamp="2022-04-29T13:03:56 IST" skipped="0">
  <testcase classname="TestNGScenarios.firsttestngfileTest" name="verifyHomepageTitle" time="0.033"/>
  <system-out/>
</testsuite> <!-- TestNGScenarios.firsttestngfileTest -->
