<?xml version="1.0" encoding="UTF-8"?>
<!-- Generated by org.testng.reporters.JUnitReportReporter -->
<testsuite hostname="2105IBULT1126" failures="0" tests="5" name="TestNGScenarios.LoginFaceBook" time="32.925" errors="0" timestamp="2022-04-29T19:25:17 IST" skipped="0">
  <testcase classname="TestNGScenarios.LoginFaceBook" name="TestLogin" time="8.136"/>
  <system-out/>
  <testcase classname="TestNGScenarios.LoginFaceBook" name="TestLogin" time="4.445"/>
  <system-out/>
  <testcase classname="TestNGScenarios.LoginFaceBook" name="TestLogin" time="7.673"/>
  <system-out/>
  <testcase classname="TestNGScenarios.LoginFaceBook" name="TestLogin" time="4.151"/>
  <system-out/>
  <testcase classname="TestNGScenarios.LoginFaceBook" name="TestLogin" time="8.520"/>
  <system-out/>
</testsuite> <!-- TestNGScenarios.LoginFaceBook -->
