<?xml version="1.0" encoding="UTF-8"?>
<!-- Generated by org.testng.reporters.JUnitReportReporter -->
<testsuite hostname="2105IBULT1126" failures="0" tests="2" name="TestNGScenarios.GroupTestExample" time="0.011" errors="0" timestamp="2022-04-29T13:29:47 IST" skipped="0">
  <testcase classname="TestNGScenarios.GroupTestExample" name="testPrintMessage" time="0.009"/>
  <system-out/>
  <testcase classname="TestNGScenarios.GroupTestExample" name="testingExitMessage" time="0.002"/>
  <system-out/>
</testsuite> <!-- TestNGScenarios.GroupTestExample -->
